[rcafe.webflow.io/index.html]
[backblue.gif]
[fade.gif]
[index.html]
[daks2k3a4ib2z.cloudfront.net/54eb7ec0d3c6af6c0902efd4/css/rcafe.webflow.c83f12f7b.css]
[ajax.googleapis.com/ajax/libs/webfont/1.4.7/webfont.js]
[daks2k3a4ib2z.cloudfront.net/0globals/modernizr-2.7.1.js]
[daks2k3a4ib2z.cloudfront.net/img/webclip.png]
[daks2k3a4ib2z.cloudfront.net/54eb7ec0d3c6af6c0902efd4/5684260c0da46cd945aa0c23_separate_1.png]
[daks2k3a4ib2z.cloudfront.net/54eb7ec0d3c6af6c0902efd4/54eb86a9d3c6af6c0902f14e_orn-1.png]
[daks2k3a4ib2z.cloudfront.net/54eb7ec0d3c6af6c0902efd4/54f0ea5e244f6b8d381b7db8_vertical-photo-1-682x1024.jpg]
[daks2k3a4ib2z.cloudfront.net/54eb7ec0d3c6af6c0902efd4/54f0ea7974244f7d696ff3b0_vertical-photo-2-682x1024.jpg]
[daks2k3a4ib2z.cloudfront.net/54eb7ec0d3c6af6c0902efd4/54fcce8d1a1739771c15a74b_menu-thumb-6-300x218.jpg]
[daks2k3a4ib2z.cloudfront.net/54eb7ec0d3c6af6c0902efd4/54fcce9b21c2e6761cc516d5_menu-thumb-2-300x218.jpg]
[daks2k3a4ib2z.cloudfront.net/54eb7ec0d3c6af6c0902efd4/54fcceab21c2e6761cc516d6_menu-thumb-1-300x218.jpg]
[daks2k3a4ib2z.cloudfront.net/54eb7ec0d3c6af6c0902efd4/54fcceb85780b4480e819f05_menu-thumb-4-300x218.jpg]
[daks2k3a4ib2z.cloudfront.net/54eb7ec0d3c6af6c0902efd4/550487e9f2ad24312b0d26ca_bacon-1-682x1024.jpg]
[daks2k3a4ib2z.cloudfront.net/54eb7ec0d3c6af6c0902efd4/550487fbd03ca21426de6718_bacon-2-682x1024.jpg]
[ajax.googleapis.com/ajax/libs/jquery/2.2.0/jquery.min.js]
[rcafe.webflow.io/index.html]
[daks2k3a4ib2z.cloudfront.net/54eb7ec0d3c6af6c0902efd4/js/webflow.d720e80bc.js]
[daks2k3a4ib2z.cloudfront.net/54eb7ec0d3c6af6c0902efd4/54fcc89e21c2e6761cc51605_three-col-1.jpg]
[daks2k3a4ib2z.cloudfront.net/54eb7ec0d3c6af6c0902efd4/54fcccc05780b4480e819ef7_frontpage-menu.jpg]
[d3e54v103j8qbb.cloudfront.net/img/example-bg.png]
[daks2k3a4ib2z.cloudfront.net/54eb7ec0d3c6af6c0902efd4/css/rcafe.webflow.c83f12f7b.css]
